<?xml version="1.0" encoding="utf-8" standalone="no"?>
<!--This file represents the results of running a test suite-->
<test-results name="C:\Users\Akira\Calculator\CalculatorTests\CalculatorTests.csproj" total="1" errors="0" failures="0" not-run="0" inconclusive="0" ignored="0" skipped="0" invalid="0" date="2016-02-19" time="22:33:47">
  <environment nunit-version="2.6.4.14350" clr-version="2.0.50727.5485" os-version="Microsoft Windows NT 6.1.7601 Service Pack 1" platform="Win32NT" cwd="C:\Program Files (x86)\NUnit 2.6.4\bin" machine-name="AK_COMP" user="Akira" user-domain="AK_COMP" />
  <culture-info current-culture="ru-RU" current-uiculture="ru-RU" />
  <test-suite type="Project" name="C:\Users\Akira\Calculator\CalculatorTests\CalculatorTests.csproj" executed="True" result="Success" success="True" time="0.162" asserts="0">
    <results>
      <test-suite type="Assembly" name="C:\Users\Akira\Calculator\CalculatorTests\bin\Debug\CalculatorTests.dll" executed="True" result="Success" success="True" time="0.134" asserts="0">
        <results>
          <test-suite type="Namespace" name="CalculatorTests" executed="True" result="Success" success="True" time="0.133" asserts="0">
            <results>
              <test-suite type="TestFixture" name="CalculatorTests" executed="True" result="Success" success="True" time="0.129" asserts="0">
                <results>
                  <test-case name="CalculatorTests.CalculatorTests.Subtraction" executed="True" result="Success" success="True" time="0.106" asserts="1" />
                </results>
              </test-suite>
            </results>
          </test-suite>
        </results>
      </test-suite>
    </results>
  </test-suite>
</test-results>